[09Jul2025 00:05:11.430] [Server thread/INFO] [net.minecraft.server.MinecraftServer/]: Fresita_decaida was doomed to fall by Corpse Fish
[09Jul2025 00:31:46.097] [Server thread/INFO] [net.minecraft.server.MinecraftServer/]: xUNIx10 has made the advancement [We Need to Go Deeper]
[09Jul2025 00:31:46.115] [Server thread/WARN] [net.minecraft.server.MinecraftServer/]: Can't keep up! Is the server overloaded? Running 2162ms or 43 ticks behind
[09Jul2025 00:32:32.573] [Server thread/INFO] [net.minecraft.server.MinecraftServer/]: Fresita_decaida has made the advancement [We Need to Go Deeper]
[09Jul2025 00:46:49.861] [Server thread/INFO] [net.minecraft.server.MinecraftServer/]: Fresita_decaida has made the advancement [What a Deal!]
[09Jul2025 00:50:48.073] [Server thread/WARN] [net.minecraft.server.level.ServerPlayerGameMode/]: Mismatch in destroy block pos: BlockPos{x=101, y=95, z=-156} BlockPos{x=101, y=93, z=-157}
[09Jul2025 00:50:48.126] [Server thread/WARN] [net.minecraft.server.level.ServerPlayerGameMode/]: Mismatch in destroy block pos: BlockPos{x=101, y=95, z=-156} BlockPos{x=101, y=93, z=-157}
[09Jul2025 00:54:13.528] [Server thread/WARN] [net.minecraft.server.network.ServerGamePacketListenerImpl/]: Fresita_decaida moved too quickly! 7.6105047683729765,0.0,6.508583840280494
[09Jul2025 01:02:17.636] [Server thread/WARN] [net.minecraft.server.level.ServerPlayerGameMode/]: Mismatch in destroy block pos: BlockPos{x=38, y=114, z=-123} BlockPos{x=38, y=113, z=-124}
[09Jul2025 01:19:42.212] [Server thread/INFO] [net.minecraft.server.MinecraftServer/]: xUNIx10 was slain by Man From The Fog
[09Jul2025 01:37:55.790] [Server thread/INFO] [net.minecraft.server.MinecraftServer/]: Fresita_decaida has made the advancement [Enchanter]
[09Jul2025 02:17:25.265] [Server thread/WARN] [net.minecraft.server.level.ServerPlayerGameMode/]: Mismatch in destroy block pos: BlockPos{x=143, y=93, z=-118} BlockPos{x=144, y=91, z=-120}
[09Jul2025 02:25:23.984] [Server thread/WARN] [net.minecraft.server.network.ServerGamePacketListenerImpl/]: Fresita_decaida moved too quickly! 6.276656359916387,2.1754232959521005,-7.5543578455390445
[09Jul2025 02:26:35.563] [Server thread/INFO] [net.minecraft.server.MinecraftServer/]: Fresita_decaida has made the advancement [Best Friends Forever]
[09Jul2025 03:06:13.443] [Server thread/WARN] [net.minecraft.server.network.ServerGamePacketListenerImpl/]: Fresita_decaida moved wrongly!
[09Jul2025 03:16:14.154] [Server thread/INFO] [net.minecraft.server.MinecraftServer/]: xUNIx10 fell from a high place
[09Jul2025 03:18:34.177] [Server thread/WARN] [cgm/]: literal{xUNIx10}(e27a7954-24de-3b7b-97e4-c85e6a076a69) tried to fire before cooldown finished or server is lagging? Remaining milliseconds: 192
[09Jul2025 03:19:59.912] [Server thread/INFO] [net.minecraft.server.network.ServerGamePacketListenerImpl/]: Fresita_decaida lost connection: Disconnected
[09Jul2025 03:19:59.912] [Server thread/INFO] [net.minecraft.server.MinecraftServer/]: Fresita_decaida left the game
[09Jul2025 03:27:16.082] [Server thread/INFO] [net.minecraft.server.MinecraftServer/]: xUNIx10 fell from a high place
[09Jul2025 03:28:13.761] [Server thread/INFO] [net.minecraft.server.network.ServerGamePacketListenerImpl/]: xUNIx10 lost connection: Disconnected
[09Jul2025 03:28:13.761] [Server thread/INFO] [net.minecraft.server.MinecraftServer/]: xUNIx10 left the game
[09Jul2025 03:28:18.556] [Server thread/INFO] [net.minecraft.server.MinecraftServer/]: Stopping the server
[09Jul2025 03:28:18.603] [Server thread/INFO] [net.minecraft.server.MinecraftServer/]: Stopping server
[09Jul2025 03:28:18.604] [Server thread/INFO] [net.minecraft.server.MinecraftServer/]: Saving players
[09Jul2025 03:28:18.604] [Server thread/INFO] [net.minecraft.server.MinecraftServer/]: Saving worlds
[09Jul2025 03:28:19.914] [Server thread/INFO] [net.minecraft.server.MinecraftServer/]: Saving chunks for level 'ServerLevel[world]'/minecraft:overworld
[09Jul2025 03:28:20.033] [Server thread/INFO] [net.minecraft.server.MinecraftServer/]: Saving chunks for level 'ServerLevel[world]'/man:halucination
[09Jul2025 03:28:20.034] [Server thread/INFO] [net.minecraft.server.MinecraftServer/]: Saving chunks for level 'ServerLevel[world]'/minecraft:the_nether
[09Jul2025 03:28:20.035] [Server thread/INFO] [net.minecraft.server.MinecraftServer/]: Saving chunks for level 'ServerLevel[world]'/minecraft:the_end
[09Jul2025 03:28:20.069] [Server thread/INFO] [net.minecraft.server.MinecraftServer/]: ThreadedAnvilChunkStorage (world): All chunks are saved
[09Jul2025 03:28:20.069] [Server thread/INFO] [net.minecraft.server.MinecraftServer/]: ThreadedAnvilChunkStorage (halucination): All chunks are saved
[09Jul2025 03:28:20.069] [Server thread/INFO] [net.minecraft.server.MinecraftServer/]: ThreadedAnvilChunkStorage (DIM-1): All chunks are saved
[09Jul2025 03:28:20.069] [Server thread/INFO] [net.minecraft.server.MinecraftServer/]: ThreadedAnvilChunkStorage (DIM1): All chunks are saved
[09Jul2025 03:28:20.070] [Server thread/INFO] [net.minecraft.server.MinecraftServer/]: ThreadedAnvilChunkStorage: All dimensions are saved
[09Jul2025 03:28:20.379] [Server thread/INFO] [Framework/]: Unloading server configs...
